0 info it worked if it ends with ok
1 verbose cli [ '/usr/local/bin/node',
1 verbose cli   '/usr/local/bin/npm',
1 verbose cli   'run-script',
1 verbose cli   'build' ]
2 info using npm@2.14.7
3 info using node@v4.2.3
4 verbose run-script [ 'prebuild', 'build', 'postbuild' ]
5 info prebuild thinkjs-application@1.0.0
6 info build thinkjs-application@1.0.0
7 verbose unsafe-perm in lifecycle true
8 info thinkjs-application@1.0.0 Failed to exec build script
9 verbose stack Error: thinkjs-application@1.0.0 build: `webpack -p`
9 verbose stack spawn ENOENT
9 verbose stack     at ChildProcess.<anonymous> (/usr/local/lib/node_modules/npm/lib/utils/spawn.js:17:16)
9 verbose stack     at emitTwo (events.js:87:13)
9 verbose stack     at ChildProcess.emit (events.js:172:7)
9 verbose stack     at maybeClose (internal/child_process.js:818:16)
9 verbose stack     at Process.ChildProcess._handle.onexit (internal/child_process.js:211:5)
10 verbose pkgid thinkjs-application@1.0.0
11 verbose cwd /Users/kurishaofeng/Desktop/sourcevideo
12 error Darwin 15.0.0
13 error argv "/usr/local/bin/node" "/usr/local/bin/npm" "run-script" "build"
14 error node v4.2.3
15 error npm  v2.14.7
16 error file sh
17 error code ELIFECYCLE
18 error errno ENOENT
19 error syscall spawn
20 error thinkjs-application@1.0.0 build: `webpack -p`
20 error spawn ENOENT
21 error Failed at the thinkjs-application@1.0.0 build script 'webpack -p'.
21 error This is most likely a problem with the thinkjs-application package,
21 error not with npm itself.
21 error Tell the author that this fails on your system:
21 error     webpack -p
21 error You can get their info via:
21 error     npm owner ls thinkjs-application
21 error There is likely additional logging output above.
22 verbose exit [ 1, true ]
